-------------------------------------------------------------------------------
Test set: com.nebyu.jobapplicationtracker.service.UserServiceTest
-------------------------------------------------------------------------------
Tests run: 1, Failures: 0, Errors: 1, Skipped: 0, Time elapsed: 0.649 s <<< FAILURE! - in com.nebyu.jobapplicationtracker.service.UserServiceTest
testRegisterUser  Time elapsed: 0 s  <<< ERROR!
java.lang.IllegalStateException: Failed to load ApplicationContext for [MergedContextConfiguration@7aad7df5 testClass = com.nebyu.jobapplicationtracker.service.UserServiceTest, locations = [], classes = [com.nebyu.jobapplicationtracker.JobApplicationTrackerApplication], contextInitializerClasses = [], activeProfiles = [], propertySourceLocations = [], propertySourceProperties = ["org.springframework.boot.test.context.SpringBootTestContextBootstrapper=true"], contextCustomizers = [org.springframework.boot.test.context.filter.ExcludeFilterContextCustomizer@1b919693, org.springframework.boot.test.json.DuplicateJsonObjectContextCustomizerFactory$DuplicateJsonObjectContextCustomizer@6a4f1a55, org.springframework.boot.test.mock.mockito.MockitoContextCustomizer@0, org.springframework.boot.test.web.client.TestRestTemplateContextCustomizer@35b74c5c, org.springframework.boot.test.autoconfigure.actuate.observability.ObservabilityContextCustomizerFactory$DisableObservabilityContextCustomizer@9da1, org.springframework.boot.test.autoconfigure.properties.PropertyMappingContextCustomizer@0, org.springframework.boot.test.autoconfigure.web.servlet.WebDriverContextCustomizerFactory$Customizer@2462cb01, org.springframework.boot.test.context.SpringBootTestAnnotation@e8a95311], contextLoader = org.springframework.boot.test.context.SpringBootContextLoader, parent = null]
Caused by: org.springframework.beans.factory.UnsatisfiedDependencyException: Error creating bean with name 'jobApplicationController': Unsatisfied dependency expressed through field 'jobApplicationService': Error creating bean with name 'jobApplicationService': Unsatisfied dependency expressed through field 'jobApplicationRepository': Error creating bean with name 'jobApplicationRepository' defined in com.nebyu.jobapplicationtracker.repository.JobApplicationRepository defined in @EnableJpaRepositories declared on JpaRepositoriesRegistrar.EnableJpaRepositoriesConfiguration: Could not create query for public abstract java.util.List com.nebyu.jobapplicationtracker.repository.JobApplicationRepository.findByDateRange(java.time.LocalDate,java.time.LocalDate); Reason: Validation failed for query for method public abstract java.util.List com.nebyu.jobapplicationtracker.repository.JobApplicationRepository.findByDateRange(java.time.LocalDate,java.time.LocalDate)
Caused by: org.springframework.beans.factory.UnsatisfiedDependencyException: Error creating bean with name 'jobApplicationService': Unsatisfied dependency expressed through field 'jobApplicationRepository': Error creating bean with name 'jobApplicationRepository' defined in com.nebyu.jobapplicationtracker.repository.JobApplicationRepository defined in @EnableJpaRepositories declared on JpaRepositoriesRegistrar.EnableJpaRepositoriesConfiguration: Could not create query for public abstract java.util.List com.nebyu.jobapplicationtracker.repository.JobApplicationRepository.findByDateRange(java.time.LocalDate,java.time.LocalDate); Reason: Validation failed for query for method public abstract java.util.List com.nebyu.jobapplicationtracker.repository.JobApplicationRepository.findByDateRange(java.time.LocalDate,java.time.LocalDate)
Caused by: org.springframework.beans.factory.BeanCreationException: Error creating bean with name 'jobApplicationRepository' defined in com.nebyu.jobapplicationtracker.repository.JobApplicationRepository defined in @EnableJpaRepositories declared on JpaRepositoriesRegistrar.EnableJpaRepositoriesConfiguration: Could not create query for public abstract java.util.List com.nebyu.jobapplicationtracker.repository.JobApplicationRepository.findByDateRange(java.time.LocalDate,java.time.LocalDate); Reason: Validation failed for query for method public abstract java.util.List com.nebyu.jobapplicationtracker.repository.JobApplicationRepository.findByDateRange(java.time.LocalDate,java.time.LocalDate)
Caused by: org.springframework.data.repository.query.QueryCreationException: Could not create query for public abstract java.util.List com.nebyu.jobapplicationtracker.repository.JobApplicationRepository.findByDateRange(java.time.LocalDate,java.time.LocalDate); Reason: Validation failed for query for method public abstract java.util.List com.nebyu.jobapplicationtracker.repository.JobApplicationRepository.findByDateRange(java.time.LocalDate,java.time.LocalDate)
Caused by: java.lang.IllegalArgumentException: Validation failed for query for method public abstract java.util.List com.nebyu.jobapplicationtracker.repository.JobApplicationRepository.findByDateRange(java.time.LocalDate,java.time.LocalDate)
Caused by: java.lang.IllegalArgumentException: org.hibernate.query.sqm.InterpretationException: Error interpreting query [SELECT j FROM JobApplication j WHERE j.applicationDate BETWEEN ?1 AND ?2]; this may indicate a semantic (user query) problem or a bug in the parser [SELECT j FROM JobApplication j WHERE j.applicationDate BETWEEN ?1 AND ?2]
Caused by: org.hibernate.query.sqm.InterpretationException: Error interpreting query [SELECT j FROM JobApplication j WHERE j.applicationDate BETWEEN ?1 AND ?2]; this may indicate a semantic (user query) problem or a bug in the parser [SELECT j FROM JobApplication j WHERE j.applicationDate BETWEEN ?1 AND ?2]
Caused by: java.lang.IllegalArgumentException: org.hibernate.query.SemanticException: Could not resolve attribute 'applicationDate' of 'com.nebyu.jobapplicationtracker.model.JobApplication'
Caused by: org.hibernate.query.SemanticException: Could not resolve attribute 'applicationDate' of 'com.nebyu.jobapplicationtracker.model.JobApplication'

