<?xml version="1.0" encoding="UTF-8"?>
<testsuite xmlns:xsi="http://www.w3.org/2001/XMLSchema-instance" xsi:noNamespaceSchemaLocation="https://maven.apache.org/surefire/maven-surefire-plugin/xsd/surefire-test-report.xsd" name="com.nebyu.jobapplicationtracker.controller.UserControllerTest" time="1.468" tests="4" errors="1" skipped="0" failures="2">
  <properties>
[...]
</properties>
  <testcase name="loginUser_InvalidCredentials" classname="com.nebyu.jobapplicationtracker.controller.UserControllerTest" time="0.275">
    <error message="class org.springframework.test.web.client.match.ContentRequestMatchers$$Lambda$1697/0x000002d6309bf678 cannot be cast to class org.springframework.test.web.servlet.ResultMatcher (org.springframework.test.web.client.match.ContentRequestMatchers$$Lambda$1697/0x000002d6309bf678 and org.springframework.test.web.servlet.ResultMatcher are in unnamed module of loader &apos;app&apos;)" type="java.lang.ClassCastException">java.lang.ClassCastException: class org.springframework.test.web.client.match.ContentRequestMatchers$$Lambda$1697/0x000002d6309bf678 cannot be cast to class org.springframework.test.web.servlet.ResultMatcher (org.springframework.test.web.client.match.ContentRequestMatchers$$Lambda$1697/0x000002d6309bf678 and org.springframework.test.web.servlet.ResultMatcher are in unnamed module of loader 'app')
	at com.nebyu.jobapplicationtracker.controller.UserControllerTest.loginUser_InvalidCredentials(UserControllerTest.java:101)
</error>
    <system-out><![CDATA[2024-10-21T12:06:41.727-04:00  INFO 16008 --- [           main] t.c.s.AnnotationConfigContextLoaderUtils : Could not detect default configuration classes for test class [com.nebyu.jobapplicationtracker.controller.UserControllerTest]: UserControllerTest does not declare any static, non-private, non-final, nested classes annotated with @Configuration.
2024-10-21T12:06:41.732-04:00  INFO 16008 --- [           main] .b.t.c.SpringBootTestContextBootstrapper : Found @SpringBootConfiguration com.nebyu.jobapplicationtracker.JobApplicationTrackerApplication for test class com.nebyu.jobapplicationtracker.controller.UserControllerTest

  .   ____          _            __ _ _
 /\\ / ___'_ __ _ _(_)_ __  __ _ \ \ \ \
( ( )\___ | '_ | '_| | '_ \/ _` | \ \ \ \
 \\/  ___)| |_)| | | | | || (_| |  ) ) ) )
  '  |____| .__|_| |_|_| |_\__, | / / / /
 =========|_|==============|___/=/_/_/_/
 :: Spring Boot ::                (v3.0.0)

2024-10-21T12:06:41.756-04:00  INFO 16008 --- [           main] c.n.j.controller.UserControllerTest      : Starting UserControllerTest using Java 17.0.12 with PID 16008 (started by nebyu in C:\Documents\job-application-tracker)
2024-10-21T12:06:41.756-04:00  INFO 16008 --- [           main] c.n.j.controller.UserControllerTest      : No active profile set, falling back to 1 default profile: "default"
2024-10-21T12:06:41.971-04:00  INFO 16008 --- [           main] .s.d.r.c.RepositoryConfigurationDelegate : Bootstrapping Spring Data JPA repositories in DEFAULT mode.
2024-10-21T12:06:41.990-04:00  INFO 16008 --- [           main] .s.d.r.c.RepositoryConfigurationDelegate : Finished Spring Data repository scanning in 16 ms. Found 3 JPA repository interfaces.
2024-10-21T12:06:42.092-04:00  INFO 16008 --- [           main] o.hibernate.jpa.internal.util.LogHelper  : HHH000204: Processing PersistenceUnitInfo [name: default]
2024-10-21T12:06:42.096-04:00  WARN 16008 --- [           main] org.hibernate.orm.deprecation            : HHH90000021: Encountered deprecated setting [javax.persistence.sharedCache.mode], use [jakarta.persistence.sharedCache.mode] instead
2024-10-21T12:06:42.099-04:00  INFO 16008 --- [           main] com.zaxxer.hikari.HikariDataSource       : HikariPool-4 - Starting...
2024-10-21T12:06:42.118-04:00  INFO 16008 --- [           main] com.zaxxer.hikari.pool.HikariPool        : HikariPool-4 - Added connection com.mysql.cj.jdbc.ConnectionImpl@5e60e639
2024-10-21T12:06:42.119-04:00  INFO 16008 --- [           main] com.zaxxer.hikari.HikariDataSource       : HikariPool-4 - Start completed.
2024-10-21T12:06:42.121-04:00  INFO 16008 --- [           main] SQL dialect                              : HHH000400: Using dialect: org.hibernate.dialect.MySQLDialect
2024-10-21T12:06:42.194-04:00  INFO 16008 --- [           main] o.h.e.t.j.p.i.JtaPlatformInitiator       : HHH000490: Using JtaPlatform implementation: [org.hibernate.engine.transaction.jta.platform.internal.NoJtaPlatform]
2024-10-21T12:06:42.194-04:00  INFO 16008 --- [           main] j.LocalContainerEntityManagerFactoryBean : Initialized JPA EntityManagerFactory for persistence unit 'default'
2024-10-21T12:06:42.298-04:00  WARN 16008 --- [           main] JpaBaseConfiguration$JpaWebConfiguration : spring.jpa.open-in-view is enabled by default. Therefore, database queries may be performed during view rendering. Explicitly configure spring.jpa.open-in-view to disable this warning
2024-10-21T12:06:42.307-04:00  WARN 16008 --- [           main] .s.s.UserDetailsServiceAutoConfiguration : 

Using generated security password: c8147036-084d-4469-adcb-c860a59bcbb4

This generated password is for development use only. Your security configuration must be updated before running your application in production.

2024-10-21T12:06:42.315-04:00  INFO 16008 --- [           main] o.s.s.web.DefaultSecurityFilterChain     : Will secure any request with [org.springframework.security.web.session.DisableEncodeUrlFilter@1a2d8488, org.springframework.security.web.context.request.async.WebAsyncManagerIntegrationFilter@1a120e41, org.springframework.security.web.context.SecurityContextHolderFilter@7d1f906b, org.springframework.security.web.header.HeaderWriterFilter@4fe0aa21, org.springframework.security.web.authentication.logout.LogoutFilter@730e663a, org.springframework.security.web.savedrequest.RequestCacheAwareFilter@22fb3dde, org.springframework.security.web.servletapi.SecurityContextHolderAwareRequestFilter@38682845, org.springframework.security.web.authentication.AnonymousAuthenticationFilter@17fd9fbb, org.springframework.security.web.access.ExceptionTranslationFilter@414b785c, org.springframework.security.web.access.intercept.AuthorizationFilter@71b38b11]
2024-10-21T12:06:42.482-04:00  INFO 16008 --- [           main] o.s.b.t.m.w.SpringBootMockServletContext : Initializing Spring TestDispatcherServlet ''
2024-10-21T12:06:42.483-04:00  INFO 16008 --- [           main] o.s.t.web.servlet.TestDispatcherServlet  : Initializing Servlet ''
2024-10-21T12:06:42.483-04:00  INFO 16008 --- [           main] o.s.t.web.servlet.TestDispatcherServlet  : Completed initialization in 0 ms
2024-10-21T12:06:42.490-04:00  INFO 16008 --- [           main] c.n.j.controller.UserControllerTest      : Started UserControllerTest in 0.755 seconds (process running for 8.889)

MockHttpServletRequest:
      HTTP Method = POST
      Request URI = /api/users/login
       Parameters = {}
          Headers = [Content-Type:"application/json;charset=UTF-8", Content-Length:"138"]
             Body = {"id":null,"username":"testuser","password":"$2a$10$/S7v3686AqO/Z8HEIkrvFeueHvE9MeD.g29EESCB01YKQcxn0PjL6","email":"testuser@example.com"}
    Session Attrs = {}

Handler:
             Type = com.nebyu.jobapplicationtracker.controller.UserController
           Method = com.nebyu.jobapplicationtracker.controller.UserController#loginUser(User)

Async:
    Async started = false
     Async result = null

Resolved Exception:
             Type = null

ModelAndView:
        View name = null
             View = null
            Model = null

FlashMap:
       Attributes = null

MockHttpServletResponse:
           Status = 400
    Error message = null
          Headers = [Content-Type:"text/plain;charset=UTF-8", Content-Length:"29", X-Content-Type-Options:"nosniff", X-XSS-Protection:"0", Cache-Control:"no-cache, no-store, max-age=0, must-revalidate", Pragma:"no-cache", Expires:"0", X-Frame-Options:"DENY"]
     Content type = text/plain;charset=UTF-8
             Body = Invalid username or password.
    Forwarded URL = null
   Redirected URL = null
          Cookies = []
]]></system-out>
  </testcase>
  <testcase name="registerUser_UsernameTaken" classname="com.nebyu.jobapplicationtracker.controller.UserControllerTest" time="0.119"/>
  <testcase name="registerUser_Success" classname="com.nebyu.jobapplicationtracker.controller.UserControllerTest" time="0.145">
    <failure message="Status expected:&lt;200&gt; but was:&lt;500&gt;" type="java.lang.AssertionError"><![CDATA[java.lang.AssertionError: Status expected:<200> but was:<500>
	at com.nebyu.jobapplicationtracker.controller.UserControllerTest.registerUser_Success(UserControllerTest.java:57)
]]></failure>
    <system-out><![CDATA[
MockHttpServletRequest:
      HTTP Method = POST
      Request URI = /api/users/register
       Parameters = {}
          Headers = [Content-Type:"application/json;charset=UTF-8", Content-Length:"56"]
             Body = {"id":null,"username":null,"password":null,"email":null}
    Session Attrs = {}

Handler:
             Type = com.nebyu.jobapplicationtracker.controller.UserController
           Method = com.nebyu.jobapplicationtracker.controller.UserController#registerUser(User)

Async:
    Async started = false
     Async result = null

Resolved Exception:
             Type = java.lang.NullPointerException

ModelAndView:
        View name = null
             View = null
            Model = null

FlashMap:
       Attributes = null

MockHttpServletResponse:
           Status = 500
    Error message = null
          Headers = [Content-Type:"text/plain;charset=UTF-8", Content-Length:"118", X-Content-Type-Options:"nosniff", X-XSS-Protection:"0", Cache-Control:"no-cache, no-store, max-age=0, must-revalidate", Pragma:"no-cache", Expires:"0", X-Frame-Options:"DENY"]
     Content type = text/plain;charset=UTF-8
             Body = An error occurred: Cannot invoke "com.nebyu.jobapplicationtracker.model.User.getId()" because "registeredUser" is null
    Forwarded URL = null
   Redirected URL = null
          Cookies = []
]]></system-out>
  </testcase>
  <testcase name="loginUser_Success" classname="com.nebyu.jobapplicationtracker.controller.UserControllerTest" time="0.158">
    <failure message="Status expected:&lt;200&gt; but was:&lt;400&gt;" type="java.lang.AssertionError"><![CDATA[java.lang.AssertionError: Status expected:<200> but was:<400>
	at com.nebyu.jobapplicationtracker.controller.UserControllerTest.loginUser_Success(UserControllerTest.java:85)
]]></failure>
    <system-out><![CDATA[
MockHttpServletRequest:
      HTTP Method = POST
      Request URI = /api/users/login
       Parameters = {}
          Headers = [Content-Type:"application/json;charset=UTF-8", Content-Length:"56"]
             Body = {"id":null,"username":null,"password":null,"email":null}
    Session Attrs = {}

Handler:
             Type = com.nebyu.jobapplicationtracker.controller.UserController
           Method = com.nebyu.jobapplicationtracker.controller.UserController#loginUser(User)

Async:
    Async started = false
     Async result = null

Resolved Exception:
             Type = null

ModelAndView:
        View name = null
             View = null
            Model = null

FlashMap:
       Attributes = null

MockHttpServletResponse:
           Status = 400
    Error message = null
          Headers = [Content-Type:"text/plain;charset=UTF-8", Content-Length:"29", X-Content-Type-Options:"nosniff", X-XSS-Protection:"0", Cache-Control:"no-cache, no-store, max-age=0, must-revalidate", Pragma:"no-cache", Expires:"0", X-Frame-Options:"DENY"]
     Content type = text/plain;charset=UTF-8
             Body = Invalid username or password.
    Forwarded URL = null
   Redirected URL = null
          Cookies = []
]]></system-out>
  </testcase>
</testsuite>